/usr/local/anaconda3/lib/python3.6/site-packages/h5py/__init__.py:36: FutureWarning: Conversion of the second argument of issubdtype from `float` to `np.floating` is deprecated. In future, it will be treated as `np.float64 == np.dtype(float).type`.
  from ._conv import register_converters as _register_converters
WARNING:tensorflow:You provided a model configuration but a checkpoint already exists. The model configuration must define the same model as the one used for the initial training. However, you can change non structural values like dropout.
INFO:tensorflow:Using parameters:
data:
  eval_features_file: src-val.txt
  eval_labels_file: tgt-val.txt
  source_words_vocabulary: src-vocab.txt
  target_words_vocabulary: tgt-vocab.txt
  train_features_file: src-train.txt
  train_labels_file: tgt-train.txt
eval:
  batch_size: 32
  eval_delay: 18000
  exporters: last
infer:
  batch_size: 32
  bucket_width: 5
model_dir: run/
params:
  average_loss_in_time: true
  beam_width: 4
  decay_params:
    model_dim: 512
    warmup_steps: 8000
  decay_type: noam_decay_v2
  label_smoothing: 0.1
  learning_rate: 0.8
  length_penalty: 0.6
  optimizer: LazyAdamOptimizer
  optimizer_params:
    beta1: 0.9
    beta2: 0.998
score:
  batch_size: 64
train:
  average_last_checkpoints: 8
  batch_size: 1024
  batch_type: tokens
  bucket_width: 1
  effective_batch_size: 25000
  keep_checkpoint_max: 8
  maximum_features_length: 70
  maximum_labels_length: 70
  sample_buffer_size: -1
  save_summary_steps: 100
  train_steps: 500000

INFO:tensorflow:Accumulate gradients of 25 iterations to reach effective batch size of 25000
2019-02-27 20:30:46.196954: I tensorflow/core/platform/cpu_feature_guard.cc:141] Your CPU supports instructions that this TensorFlow binary was not compiled to use: AVX2 AVX512F FMA
2019-02-27 20:30:47.514826: I tensorflow/core/common_runtime/gpu/gpu_device.cc:1432] Found device 0 with properties: 
name: Tesla P100-PCIE-16GB major: 6 minor: 0 memoryClockRate(GHz): 1.3285
pciBusID: 0000:86:00.0
totalMemory: 15.90GiB freeMemory: 15.61GiB
2019-02-27 20:30:47.514881: I tensorflow/core/common_runtime/gpu/gpu_device.cc:1511] Adding visible gpu devices: 0
2019-02-27 20:30:47.922493: I tensorflow/core/common_runtime/gpu/gpu_device.cc:982] Device interconnect StreamExecutor with strength 1 edge matrix:
2019-02-27 20:30:47.922553: I tensorflow/core/common_runtime/gpu/gpu_device.cc:988]      0 
2019-02-27 20:30:47.922564: I tensorflow/core/common_runtime/gpu/gpu_device.cc:1001] 0:   N 
2019-02-27 20:30:47.922881: I tensorflow/core/common_runtime/gpu/gpu_device.cc:1115] Created TensorFlow device (/device:GPU:0 with 15123 MB memory) -> physical GPU (device: 0, name: Tesla P100-PCIE-16GB, pci bus id: 0000:86:00.0, compute capability: 6.0)
INFO:tensorflow:Using config: {'_model_dir': 'run/', '_tf_random_seed': None, '_save_summary_steps': 100, '_save_checkpoints_steps': None, '_save_checkpoints_secs': 600, '_session_config': gpu_options {
}
allow_soft_placement: true
graph_options {
  rewrite_options {
    layout_optimizer: OFF
  }
}
, '_keep_checkpoint_max': 8, '_keep_checkpoint_every_n_hours': 10000, '_log_step_count_steps': 2500, '_train_distribute': None, '_device_fn': None, '_protocol': None, '_eval_distribute': None, '_experimental_distribute': None, '_service': None, '_cluster_spec': <tensorflow.python.training.server_lib.ClusterSpec object at 0x7fface6f3668>, '_task_type': 'worker', '_task_id': 0, '_global_id_in_cluster': 0, '_master': '', '_evaluation_master': '', '_is_chief': True, '_num_ps_replicas': 0, '_num_worker_replicas': 1}
INFO:tensorflow:Not using Distribute Coordinator.
INFO:tensorflow:Running training and evaluation locally (non-distributed).
INFO:tensorflow:Start train and evaluate loop. The evaluate will happen after every checkpoint. Checkpoint frequency is determined based on RunConfig arguments: save_checkpoints_steps None or save_checkpoints_secs 600.
INFO:tensorflow:Training on 665714 examples
INFO:tensorflow:Calling model_fn.
/usr/local/anaconda3/lib/python3.6/site-packages/tensorflow/python/ops/gradients_impl.py:109: UserWarning: Converting sparse IndexedSlices to a dense Tensor with 102400512 elements. This may consume a large amount of memory.
  num_elements)
INFO:tensorflow:Done calling model_fn.
INFO:tensorflow:Create CheckpointSaverHook.
INFO:tensorflow:Number of trainable parameters: 351542081
INFO:tensorflow:Graph was finalized.
2019-02-27 20:31:09.032385: I tensorflow/core/common_runtime/gpu/gpu_device.cc:1511] Adding visible gpu devices: 0
2019-02-27 20:31:09.032450: I tensorflow/core/common_runtime/gpu/gpu_device.cc:982] Device interconnect StreamExecutor with strength 1 edge matrix:
2019-02-27 20:31:09.032460: I tensorflow/core/common_runtime/gpu/gpu_device.cc:988]      0 
2019-02-27 20:31:09.032468: I tensorflow/core/common_runtime/gpu/gpu_device.cc:1001] 0:   N 
2019-02-27 20:31:09.032752: I tensorflow/core/common_runtime/gpu/gpu_device.cc:1115] Created TensorFlow device (/job:localhost/replica:0/task:0/device:GPU:0 with 15123 MB memory) -> physical GPU (device: 0, name: Tesla P100-PCIE-16GB, pci bus id: 0000:86:00.0, compute capability: 6.0)
INFO:tensorflow:Restoring parameters from run/model.ckpt-0
INFO:tensorflow:Running local_init_op.
INFO:tensorflow:Done running local_init_op.
INFO:tensorflow:Saving checkpoints for 0 into run/model.ckpt.
  average_loss_in_time: true
INFO:tensorflow:loss = 12.20561, step = 0
INFO:tensorflow:Saving dict for global step 97: global_step = 97, loss = 11.88501
INFO:tensorflow:loss = 11.92748, step = 100 (1115.839 sec)
INFO:tensorflow:loss = 11.33687, step = 200 (596.106 sec)
INFO:tensorflow:loss = 10.48679, step = 300 (594.820 sec)
  average_loss_in_time: true
INFO:tensorflow:loss = 11.254942, step = 211
INFO:tensorflow:Saving dict for global step 308: global_step = 308, loss = 10.135508
INFO:tensorflow:loss = 10.330067, step = 311 (1127.952 sec)
INFO:tensorflow:loss = 9.278382, step = 411 (588.308 sec)
INFO:tensorflow:loss = 8.294002, step = 511 (588.297 sec)
INFO:tensorflow:loss = 7.6344643, step = 611 (592.422 sec)
INFO:tensorflow:loss = 7.3000364, step = 711 (594.398 sec)
INFO:tensorflow:loss = 7.1008067, step = 811 (593.480 sec)
INFO:tensorflow:loss = 7.1928563, step = 911 (590.622 sec)
INFO:tensorflow:loss = 6.6338263, step = 1011 (592.305 sec)
INFO:tensorflow:loss = 6.7203975, step = 1111 (591.515 sec)
INFO:tensorflow:loss = 6.3966885, step = 1211 (590.488 sec)
INFO:tensorflow:loss = 6.414514, step = 1311 (592.287 sec)
INFO:tensorflow:loss = 6.129775, step = 1411 (591.170 sec)
INFO:tensorflow:loss = 6.2501283, step = 1511 (591.668 sec)
INFO:tensorflow:loss = 6.331508, step = 1611 (592.549 sec)
INFO:tensorflow:loss = 6.110634, step = 1711 (593.020 sec)
INFO:tensorflow:loss = 5.928228, step = 1811 (593.105 sec)
INFO:tensorflow:loss = 5.9397535, step = 1911 (591.959 sec)
INFO:tensorflow:loss = 6.308064, step = 2011 (592.385 sec)
INFO:tensorflow:loss = 6.1729264, step = 2111 (592.967 sec)
INFO:tensorflow:loss = 5.943774, step = 2211 (590.999 sec)
INFO:tensorflow:loss = 5.824268, step = 2311 (590.839 sec)
INFO:tensorflow:loss = 5.674045, step = 2411 (591.532 sec)
INFO:tensorflow:loss = 5.8645525, step = 2511 (688.632 sec)
INFO:tensorflow:loss = 5.6107397, step = 2611 (629.472 sec)
INFO:tensorflow:loss = 5.7286267, step = 2711 (610.526 sec)
INFO:tensorflow:loss = 5.6057396, step = 2811 (592.918 sec)
INFO:tensorflow:loss = 5.7866807, step = 2911 (635.806 sec)
INFO:tensorflow:loss = 5.6965003, step = 3011 (589.917 sec)
INFO:tensorflow:loss = 5.569163, step = 3111 (590.724 sec)
INFO:tensorflow:loss = 5.615693, step = 3211 (590.389 sec)
INFO:tensorflow:Saving dict for global step 3228: global_step = 3228, loss = 4.7751107
INFO:tensorflow:loss = 5.469812, step = 3311 (1115.279 sec)
INFO:tensorflow:loss = 5.710629, step = 3411 (591.149 sec)
INFO:tensorflow:loss = 5.6424546, step = 3511 (591.273 sec)
INFO:tensorflow:loss = 5.363297, step = 3611 (588.718 sec)
INFO:tensorflow:loss = 5.461323, step = 3711 (588.999 sec)
INFO:tensorflow:loss = 5.6241393, step = 3811 (587.800 sec)
INFO:tensorflow:loss = 5.536508, step = 3911 (588.963 sec)
INFO:tensorflow:loss = 5.2558875, step = 4011 (587.993 sec)
INFO:tensorflow:loss = 5.1054783, step = 4111 (586.299 sec)
INFO:tensorflow:loss = 5.0755157, step = 4211 (588.056 sec)
INFO:tensorflow:loss = 5.270083, step = 4311 (591.246 sec)
INFO:tensorflow:loss = 5.3906283, step = 4411 (588.273 sec)
INFO:tensorflow:loss = 5.2315526, step = 4511 (588.134 sec)
INFO:tensorflow:loss = 5.2694063, step = 4611 (588.374 sec)
INFO:tensorflow:loss = 5.1029625, step = 4711 (586.274 sec)
INFO:tensorflow:loss = 5.015716, step = 4811 (587.981 sec)
INFO:tensorflow:loss = 5.3510184, step = 4911 (588.226 sec)
INFO:tensorflow:loss = 5.1851454, step = 5011 (588.128 sec)
INFO:tensorflow:loss = 5.2364902, step = 5111 (587.981 sec)
INFO:tensorflow:loss = 5.0297265, step = 5211 (586.150 sec)
INFO:tensorflow:loss = 4.996126, step = 5311 (588.236 sec)
INFO:tensorflow:loss = 5.01551, step = 5411 (588.265 sec)
INFO:tensorflow:loss = 5.244017, step = 5511 (587.873 sec)
INFO:tensorflow:loss = 5.017413, step = 5611 (587.841 sec)
INFO:tensorflow:loss = 5.0835977, step = 5711 (588.201 sec)
INFO:tensorflow:loss = 4.831131, step = 5811 (585.883 sec)
INFO:tensorflow:loss = 4.809709, step = 5911 (588.064 sec)
INFO:tensorflow:loss = 5.0713363, step = 6011 (587.662 sec)
INFO:tensorflow:loss = 4.9097557, step = 6111 (587.326 sec)
INFO:tensorflow:Saving dict for global step 6200: global_step = 6200, loss = 4.8099947
INFO:tensorflow:loss = 4.7853208, step = 6211 (1105.220 sec)
INFO:tensorflow:loss = 4.695504, step = 6311 (583.890 sec)
INFO:tensorflow:loss = 4.6393766, step = 6411 (585.943 sec)
INFO:tensorflow:loss = 4.582487, step = 6511 (586.534 sec)
INFO:tensorflow:loss = 4.778794, step = 6611 (585.588 sec)
INFO:tensorflow:loss = 4.7201953, step = 6711 (585.575 sec)
INFO:tensorflow:loss = 4.8806243, step = 6811 (586.544 sec)
INFO:tensorflow:loss = 4.5248995, step = 6911 (583.993 sec)
INFO:tensorflow:loss = 4.5739117, step = 7011 (585.463 sec)
INFO:tensorflow:loss = 4.3569374, step = 7111 (585.678 sec)
INFO:tensorflow:loss = 4.591294, step = 7211 (585.940 sec)
INFO:tensorflow:loss = 4.6820245, step = 7311 (586.032 sec)
INFO:tensorflow:loss = 4.3765235, step = 7411 (584.783 sec)
INFO:tensorflow:loss = 4.3876505, step = 7511 (585.822 sec)
INFO:tensorflow:loss = 4.418878, step = 7611 (586.084 sec)
INFO:tensorflow:loss = 4.452914, step = 7711 (585.759 sec)
INFO:tensorflow:loss = 4.5236955, step = 7811 (585.971 sec)
INFO:tensorflow:loss = 4.4087825, step = 7911 (586.161 sec)
INFO:tensorflow:loss = 4.362479, step = 8011 (584.053 sec)
INFO:tensorflow:loss = 4.2113957, step = 8111 (586.789 sec)
INFO:tensorflow:loss = 4.3077707, step = 8211 (586.683 sec)
INFO:tensorflow:loss = 4.252341, step = 8311 (587.097 sec)
INFO:tensorflow:loss = 4.389843, step = 8411 (586.471 sec)
INFO:tensorflow:loss = 3.8546898, step = 8511 (585.054 sec)
INFO:tensorflow:loss = 4.1133146, step = 8611 (586.927 sec)
INFO:tensorflow:loss = 4.009373, step = 8711 (586.567 sec)
INFO:tensorflow:loss = 4.3397503, step = 8811 (587.286 sec)
INFO:tensorflow:loss = 4.147353, step = 8911 (587.352 sec)
INFO:tensorflow:loss = 4.051087, step = 9011 (586.763 sec)
INFO:tensorflow:loss = 3.747037, step = 9111 (584.225 sec)
INFO:tensorflow:Saving dict for global step 9184: global_step = 9184, loss = 5.534672
INFO:tensorflow:loss = 3.794453, step = 9211 (1110.175 sec)
INFO:tensorflow:loss = 3.7341733, step = 9311 (586.110 sec)
INFO:tensorflow:loss = 4.0289593, step = 9411 (586.456 sec)
INFO:tensorflow:loss = 4.034964, step = 9511 (586.349 sec)
INFO:tensorflow:loss = 3.6550379, step = 9611 (585.086 sec)
INFO:tensorflow:loss = 3.8287673, step = 9711 (586.174 sec)
INFO:tensorflow:loss = 3.855691, step = 9811 (580.890 sec)
INFO:tensorflow:loss = 3.7943683, step = 9911 (586.042 sec)
INFO:tensorflow:loss = 3.8067756, step = 10011 (586.675 sec)
INFO:tensorflow:loss = 4.030572, step = 10111 (586.430 sec)
INFO:tensorflow:loss = 3.6947281, step = 10211 (594.348 sec)
INFO:tensorflow:loss = 4.0520587, step = 10311 (586.285 sec)
INFO:tensorflow:loss = 3.7965817, step = 10411 (585.954 sec)
INFO:tensorflow:loss = 3.7303054, step = 10511 (586.809 sec)
INFO:tensorflow:loss = 3.8682992, step = 10611 (586.447 sec)
INFO:tensorflow:loss = 3.6375856, step = 10711 (584.550 sec)
INFO:tensorflow:loss = 3.6158068, step = 10811 (585.892 sec)
INFO:tensorflow:loss = 3.6632261, step = 10911 (586.006 sec)
INFO:tensorflow:loss = 3.5975232, step = 11011 (586.094 sec)
INFO:tensorflow:loss = 4.1660976, step = 11111 (586.777 sec)
INFO:tensorflow:loss = 3.518644, step = 11211 (587.199 sec)
INFO:tensorflow:loss = 3.3302655, step = 11311 (585.301 sec)
INFO:tensorflow:loss = 3.4990041, step = 11411 (587.305 sec)
INFO:tensorflow:loss = 3.6686895, step = 11511 (586.911 sec)
INFO:tensorflow:loss = 3.7237594, step = 11611 (586.827 sec)
INFO:tensorflow:loss = 3.7118213, step = 11711 (606.971 sec)
INFO:tensorflow:loss = 3.4406607, step = 11811 (587.621 sec)
INFO:tensorflow:loss = 3.2495167, step = 11911 (584.908 sec)
INFO:tensorflow:loss = 3.383811, step = 12011 (587.381 sec)
INFO:tensorflow:loss = 3.5438986, step = 12111 (587.495 sec)
INFO:tensorflow:Saving dict for global step 12161: global_step = 12161, loss = 6.0385427
INFO:tensorflow:loss = 3.5991106, step = 12211 (1110.962 sec)
INFO:tensorflow:loss = 3.8384218, step = 12311 (587.374 sec)
INFO:tensorflow:loss = 3.4229002, step = 12411 (584.983 sec)
INFO:tensorflow:loss = 3.5040982, step = 12511 (587.572 sec)
INFO:tensorflow:loss = 3.4969897, step = 12611 (587.417 sec)
INFO:tensorflow:loss = 3.4298975, step = 12711 (587.474 sec)
INFO:tensorflow:loss = 3.6554625, step = 12811 (587.470 sec)
INFO:tensorflow:loss = 3.4212425, step = 12911 (587.522 sec)
INFO:tensorflow:loss = 3.2675333, step = 13011 (585.702 sec)
INFO:tensorflow:loss = 3.3767576, step = 13111 (587.387 sec)
INFO:tensorflow:loss = 3.251154, step = 13211 (587.941 sec)
INFO:tensorflow:loss = 3.6070018, step = 13311 (587.398 sec)
INFO:tensorflow:loss = 3.423464, step = 13411 (587.692 sec)
INFO:tensorflow:loss = 3.1755183, step = 13511 (585.472 sec)
INFO:tensorflow:loss = 3.5503755, step = 13611 (587.491 sec)
INFO:tensorflow:loss = 3.2368903, step = 13711 (587.136 sec)
INFO:tensorflow:loss = 3.221569, step = 13811 (587.392 sec)
INFO:tensorflow:loss = 3.484218, step = 13911 (582.329 sec)
INFO:tensorflow:loss = 3.4901845, step = 14011 (587.714 sec)
INFO:tensorflow:loss = 3.1896207, step = 14111 (585.277 sec)
INFO:tensorflow:loss = 3.143925, step = 14211 (587.184 sec)
INFO:tensorflow:loss = 3.1494265, step = 14311 (592.184 sec)
INFO:tensorflow:loss = 3.2757673, step = 14411 (592.144 sec)
INFO:tensorflow:loss = 3.3708916, step = 14511 (592.040 sec)
INFO:tensorflow:loss = 3.1403153, step = 14611 (590.400 sec)
INFO:tensorflow:loss = 3.2481282, step = 14711 (591.843 sec)
INFO:tensorflow:loss = 3.2673686, step = 14811 (591.911 sec)
INFO:tensorflow:loss = 3.198808, step = 14911 (591.685 sec)
INFO:tensorflow:loss = 3.2743664, step = 15011 (592.045 sec)
INFO:tensorflow:loss = 3.323217, step = 15111 (592.530 sec)
INFO:tensorflow:Saving dict for global step 15132: global_step = 15132, loss = 6.481237
INFO:tensorflow:loss = 3.372292, step = 15211 (1110.073 sec)
INFO:tensorflow:loss = 3.430029, step = 15311 (592.236 sec)
INFO:tensorflow:loss = 3.1492188, step = 15411 (591.643 sec)
INFO:tensorflow:loss = 3.1832287, step = 15511 (591.917 sec)
INFO:tensorflow:loss = 3.3369753, step = 15611 (592.145 sec)
INFO:tensorflow:loss = 3.1376228, step = 15711 (590.358 sec)
INFO:tensorflow:loss = 2.8752654, step = 15811 (593.384 sec)
INFO:tensorflow:loss = 2.9890022, step = 15911 (592.796 sec)
INFO:tensorflow:loss = 3.165991, step = 16011 (592.496 sec)
INFO:tensorflow:loss = 3.0137498, step = 16111 (592.278 sec)
INFO:tensorflow:loss = 3.1990213, step = 16211 (592.159 sec)
INFO:tensorflow:loss = 3.0502634, step = 16311 (590.091 sec)
INFO:tensorflow:loss = 3.2901523, step = 16411 (592.286 sec)
INFO:tensorflow:loss = 3.0660908, step = 16511 (591.452 sec)
INFO:tensorflow:loss = 3.050351, step = 16611 (592.193 sec)
INFO:tensorflow:loss = 2.9230468, step = 16711 (591.789 sec)
INFO:tensorflow:loss = 2.972842, step = 16811 (590.850 sec)
INFO:tensorflow:loss = 2.9014647, step = 16911 (592.550 sec)
INFO:tensorflow:loss = 3.1808505, step = 17011 (591.491 sec)
INFO:tensorflow:loss = 3.129098, step = 17111 (592.044 sec)
INFO:tensorflow:loss = 3.0143347, step = 17211 (592.151 sec)
INFO:tensorflow:loss = 3.1942174, step = 17311 (591.915 sec)
INFO:tensorflow:loss = 2.7575064, step = 17411 (590.220 sec)
INFO:tensorflow:loss = 2.9068716, step = 17511 (591.736 sec)
INFO:tensorflow:loss = 3.3254232, step = 17611 (591.562 sec)
INFO:tensorflow:loss = 3.1847544, step = 17711 (592.333 sec)
INFO:tensorflow:loss = 2.9657316, step = 17811 (591.986 sec)
INFO:tensorflow:loss = 3.178438, step = 17911 (590.131 sec)
INFO:tensorflow:loss = 2.8586004, step = 18011 (592.198 sec)
INFO:tensorflow:Saving dict for global step 18086: global_step = 18086, loss = 6.8843513
INFO:tensorflow:loss = 2.7879643, step = 18111 (1113.703 sec)
INFO:tensorflow:loss = 2.8807673, step = 18211 (591.989 sec)
INFO:tensorflow:loss = 3.131339, step = 18311 (591.472 sec)
INFO:tensorflow:loss = 3.1088645, step = 18411 (592.080 sec)
INFO:tensorflow:loss = 2.9809008, step = 18511 (590.521 sec)
INFO:tensorflow:loss = 3.0606709, step = 18611 (592.195 sec)
INFO:tensorflow:loss = 3.4144053, step = 18711 (591.458 sec)
INFO:tensorflow:loss = 2.9574478, step = 18811 (591.774 sec)
INFO:tensorflow:loss = 2.7715647, step = 18911 (587.313 sec)
INFO:tensorflow:loss = 2.8253007, step = 19011 (590.277 sec)
INFO:tensorflow:loss = 3.1685393, step = 19111 (592.380 sec)
INFO:tensorflow:loss = 2.75085, step = 19211 (592.390 sec)
INFO:tensorflow:loss = 2.9531848, step = 19311 (592.114 sec)
INFO:tensorflow:loss = 3.2403378, step = 19411 (589.226 sec)
INFO:tensorflow:loss = 3.128436, step = 19511 (587.250 sec)
INFO:tensorflow:loss = 2.8929617, step = 19611 (590.852 sec)
INFO:tensorflow:loss = 2.7811685, step = 19711 (592.802 sec)
INFO:tensorflow:loss = 2.9607453, step = 19811 (592.500 sec)
INFO:tensorflow:loss = 2.920674, step = 19911 (592.883 sec)
INFO:tensorflow:loss = 2.9421878, step = 20011 (592.575 sec)
INFO:tensorflow:loss = 2.7874522, step = 20111 (590.657 sec)
INFO:tensorflow:loss = 2.9715118, step = 20211 (593.171 sec)
INFO:tensorflow:loss = 3.0282817, step = 20311 (592.210 sec)
INFO:tensorflow:loss = 2.8915749, step = 20411 (592.262 sec)
INFO:tensorflow:loss = 3.065738, step = 20511 (591.136 sec)
INFO:tensorflow:loss = 2.8873472, step = 20611 (592.299 sec)
INFO:tensorflow:loss = 2.9983063, step = 20711 (590.081 sec)
INFO:tensorflow:loss = 2.7715592, step = 20811 (592.764 sec)
INFO:tensorflow:loss = 2.78114, step = 20911 (592.619 sec)
INFO:tensorflow:loss = 2.791587, step = 21011 (592.192 sec)
INFO:tensorflow:Saving dict for global step 21041: global_step = 21041, loss = 7.0999327
INFO:tensorflow:loss = 2.6139216, step = 21111 (1115.563 sec)
INFO:tensorflow:loss = 2.4863842, step = 21211 (591.127 sec)
INFO:tensorflow:loss = 2.8709946, step = 21311 (593.051 sec)
INFO:tensorflow:loss = 2.5378954, step = 21411 (592.454 sec)
INFO:tensorflow:loss = 2.9412766, step = 21511 (592.114 sec)
INFO:tensorflow:loss = 3.2603168, step = 21611 (592.108 sec)
INFO:tensorflow:loss = 3.051595, step = 21711 (593.017 sec)
INFO:tensorflow:loss = 2.5433233, step = 21811 (590.879 sec)
INFO:tensorflow:loss = 2.8195639, step = 21911 (591.807 sec)
INFO:tensorflow:loss = 2.8134644, step = 22011 (592.735 sec)
INFO:tensorflow:loss = 2.73362, step = 22111 (592.547 sec)
INFO:tensorflow:loss = 2.85895, step = 22211 (593.014 sec)
INFO:tensorflow:loss = 2.974847, step = 22311 (593.540 sec)
INFO:tensorflow:loss = 2.612702, step = 22411 (591.129 sec)
INFO:tensorflow:loss = 2.8312516, step = 22511 (592.457 sec)
INFO:tensorflow:loss = 2.6974475, step = 22611 (592.524 sec)
INFO:tensorflow:loss = 2.9515357, step = 22711 (592.501 sec)
INFO:tensorflow:loss = 2.7075202, step = 22811 (592.533 sec)
INFO:tensorflow:loss = 2.7897081, step = 22911 (591.044 sec)
INFO:tensorflow:loss = 2.7804236, step = 23011 (592.896 sec)
INFO:tensorflow:loss = 2.76589, step = 23111 (591.833 sec)
INFO:tensorflow:loss = 2.4812236, step = 23211 (592.569 sec)
INFO:tensorflow:loss = 2.8232534, step = 23311 (590.940 sec)
INFO:tensorflow:loss = 2.9695013, step = 23411 (591.598 sec)
INFO:tensorflow:loss = 2.7598507, step = 23511 (589.423 sec)
INFO:tensorflow:loss = 2.7479024, step = 23611 (592.769 sec)
INFO:tensorflow:loss = 2.7456114, step = 23711 (592.140 sec)
INFO:tensorflow:loss = 3.0848806, step = 23811 (591.881 sec)
INFO:tensorflow:loss = 2.7526178, step = 23911 (592.227 sec)
INFO:tensorflow:Saving dict for global step 23995: global_step = 23995, loss = 7.2918344
INFO:tensorflow:loss = 2.782054, step = 24011 (1112.167 sec)
INFO:tensorflow:loss = 2.8462734, step = 24111 (592.088 sec)
INFO:tensorflow:loss = 2.6444955, step = 24211 (586.545 sec)
INFO:tensorflow:loss = 2.9163222, step = 24311 (592.071 sec)
INFO:tensorflow:loss = 2.7857585, step = 24411 (591.603 sec)
INFO:tensorflow:loss = 2.8715441, step = 24511 (592.475 sec)
INFO:tensorflow:loss = 2.4602113, step = 24611 (591.314 sec)
INFO:tensorflow:loss = 2.5770605, step = 24711 (592.184 sec)
INFO:tensorflow:loss = 2.5778444, step = 24811 (592.373 sec)
INFO:tensorflow:loss = 2.7021801, step = 24911 (592.781 sec)
INFO:tensorflow:loss = 2.8682203, step = 25011 (592.246 sec)
INFO:tensorflow:loss = 2.488297, step = 25111 (591.847 sec)
INFO:tensorflow:loss = 2.634189, step = 25211 (592.834 sec)
INFO:tensorflow:loss = 2.470403, step = 25311 (592.891 sec)
INFO:tensorflow:loss = 2.5063052, step = 25411 (592.911 sec)
INFO:tensorflow:loss = 3.140342, step = 25511 (593.056 sec)
INFO:tensorflow:loss = 2.7441633, step = 25611 (592.787 sec)
INFO:tensorflow:loss = 2.4461062, step = 25711 (590.690 sec)
INFO:tensorflow:loss = 2.6991801, step = 25811 (592.386 sec)
INFO:tensorflow:loss = 2.5683022, step = 25911 (591.937 sec)
INFO:tensorflow:loss = 2.5401409, step = 26011 (592.165 sec)
INFO:tensorflow:loss = 2.6634889, step = 26111 (593.103 sec)
INFO:tensorflow:loss = 2.7705004, step = 26211 (590.750 sec)
INFO:tensorflow:loss = 2.703627, step = 26311 (593.333 sec)
INFO:tensorflow:loss = 2.521231, step = 26411 (592.623 sec)
INFO:tensorflow:loss = 2.9025035, step = 26511 (592.043 sec)
INFO:tensorflow:loss = 2.7062666, step = 26611 (592.373 sec)
INFO:tensorflow:loss = 2.8049445, step = 26711 (592.835 sec)
INFO:tensorflow:loss = 2.609783, step = 26811 (590.653 sec)
INFO:tensorflow:loss = 2.6641366, step = 26911 (593.027 sec)
INFO:tensorflow:Saving dict for global step 26947: global_step = 26947, loss = 7.496761
INFO:tensorflow:loss = 2.5831144, step = 27011 (1112.184 sec)
INFO:tensorflow:loss = 2.8986084, step = 27111 (592.140 sec)
INFO:tensorflow:loss = 2.6914499, step = 27211 (592.088 sec)
INFO:tensorflow:loss = 2.467516, step = 27311 (591.065 sec)
INFO:tensorflow:loss = 2.4008965, step = 27411 (592.494 sec)
INFO:tensorflow:loss = 2.633921, step = 27511 (592.463 sec)
INFO:tensorflow:loss = 2.8154428, step = 27611 (591.593 sec)
INFO:tensorflow:loss = 2.64802, step = 27711 (591.921 sec)
INFO:tensorflow:loss = 2.3531792, step = 27811 (593.001 sec)
INFO:tensorflow:loss = 2.3651435, step = 27911 (589.870 sec)
INFO:tensorflow:loss = 2.834798, step = 28011 (591.977 sec)
INFO:tensorflow:loss = 2.5859056, step = 28111 (591.429 sec)
INFO:tensorflow:loss = 2.5789633, step = 28211 (592.723 sec)
INFO:tensorflow:loss = 2.9003756, step = 28311 (592.506 sec)
INFO:tensorflow:loss = 2.4332697, step = 28411 (590.203 sec)
INFO:tensorflow:loss = 2.5482457, step = 28511 (591.147 sec)
INFO:tensorflow:loss = 2.4632928, step = 28611 (591.992 sec)
INFO:tensorflow:loss = 2.727698, step = 28711 (592.104 sec)
INFO:tensorflow:loss = 2.5877402, step = 28811 (592.534 sec)
INFO:tensorflow:loss = 2.6933758, step = 28911 (592.476 sec)
INFO:tensorflow:loss = 2.606207, step = 29011 (590.717 sec)
INFO:tensorflow:loss = 2.765159, step = 29111 (592.826 sec)
INFO:tensorflow:loss = 2.3296864, step = 29211 (591.982 sec)
INFO:tensorflow:loss = 2.826498, step = 29311 (592.421 sec)
INFO:tensorflow:loss = 2.5114899, step = 29411 (591.310 sec)
INFO:tensorflow:loss = 2.802183, step = 29511 (590.590 sec)
INFO:tensorflow:loss = 2.591607, step = 29611 (592.482 sec)
INFO:tensorflow:loss = 2.3825073, step = 29711 (591.619 sec)
INFO:tensorflow:loss = 2.4888327, step = 29811 (591.275 sec)
INFO:tensorflow:Saving dict for global step 29902: global_step = 29902, loss = 7.6148715
INFO:tensorflow:loss = 2.6898606, step = 29911 (1106.212 sec)
INFO:tensorflow:loss = 2.651609, step = 30011 (592.496 sec)
INFO:tensorflow:loss = 2.6228979, step = 30111 (589.935 sec)
INFO:tensorflow:loss = 2.4377534, step = 30211 (591.905 sec)
INFO:tensorflow:loss = 2.402253, step = 30311 (591.827 sec)
INFO:tensorflow:loss = 2.667641, step = 30411 (592.254 sec)
INFO:tensorflow:loss = 2.4651113, step = 30511 (591.983 sec)
INFO:tensorflow:loss = 2.4022303, step = 30611 (590.796 sec)
INFO:tensorflow:loss = 2.3079352, step = 30711 (591.536 sec)
INFO:tensorflow:loss = 2.5099168, step = 30811 (592.284 sec)
INFO:tensorflow:loss = 2.6229417, step = 30911 (590.280 sec)
INFO:tensorflow:loss = 2.7418315, step = 31011 (592.234 sec)
INFO:tensorflow:loss = 2.5850291, step = 31111 (592.362 sec)
INFO:tensorflow:loss = 2.5051863, step = 31211 (590.761 sec)
INFO:tensorflow:loss = 2.601547, step = 31311 (592.018 sec)
INFO:tensorflow:loss = 2.568462, step = 31411 (591.130 sec)
INFO:tensorflow:loss = 2.4088786, step = 31511 (592.144 sec)
INFO:tensorflow:loss = 2.7388165, step = 31611 (592.222 sec)
INFO:tensorflow:loss = 2.4409792, step = 31711 (590.294 sec)
INFO:tensorflow:loss = 2.3978572, step = 31811 (591.655 sec)
INFO:tensorflow:loss = 2.3250456, step = 31911 (592.259 sec)
INFO:tensorflow:loss = 2.4396234, step = 32011 (591.643 sec)
INFO:tensorflow:loss = 3.0217004, step = 32111 (591.837 sec)
INFO:tensorflow:loss = 2.7479875, step = 32211 (592.212 sec)
INFO:tensorflow:loss = 2.520703, step = 32311 (589.835 sec)
INFO:tensorflow:loss = 2.6285937, step = 32411 (592.208 sec)
INFO:tensorflow:loss = 2.6188488, step = 32511 (592.803 sec)
INFO:tensorflow:loss = 2.3213727, step = 32611 (591.337 sec)
INFO:tensorflow:loss = 2.6256037, step = 32711 (592.586 sec)
INFO:tensorflow:loss = 2.4308748, step = 32811 (593.480 sec)
INFO:tensorflow:Saving dict for global step 32857: global_step = 32857, loss = 7.8125157
INFO:tensorflow:loss = 2.6129284, step = 32911 (1110.647 sec)
INFO:tensorflow:loss = 2.8037689, step = 33011 (592.276 sec)
INFO:tensorflow:loss = 2.5930555, step = 33111 (593.024 sec)
INFO:tensorflow:loss = 2.809496, step = 33211 (591.956 sec)
INFO:tensorflow:loss = 2.7159812, step = 33311 (591.442 sec)
INFO:tensorflow:loss = 2.7285311, step = 33411 (591.034 sec)
INFO:tensorflow:loss = 2.7608807, step = 33511 (592.343 sec)
INFO:tensorflow:loss = 2.4064944, step = 33611 (591.431 sec)
INFO:tensorflow:loss = 2.5587614, step = 33711 (591.970 sec)
INFO:tensorflow:loss = 2.721344, step = 33811 (592.428 sec)
INFO:tensorflow:loss = 2.9906318, step = 33911 (593.755 sec)
INFO:tensorflow:loss = 2.8346033, step = 34011 (590.534 sec)
INFO:tensorflow:loss = 2.532969, step = 34111 (591.372 sec)
INFO:tensorflow:loss = 2.6129565, step = 34211 (592.350 sec)
INFO:tensorflow:loss = 2.321279, step = 34311 (591.971 sec)
INFO:tensorflow:loss = 2.4101443, step = 34411 (592.691 sec)
INFO:tensorflow:loss = 2.4623291, step = 34511 (591.257 sec)
INFO:tensorflow:loss = 2.4104652, step = 34611 (591.576 sec)
INFO:tensorflow:loss = 2.7324846, step = 34711 (591.708 sec)
INFO:tensorflow:loss = 2.4693072, step = 34811 (592.407 sec)
INFO:tensorflow:loss = 2.3719501, step = 34911 (592.009 sec)
INFO:tensorflow:loss = 2.967618, step = 35011 (592.756 sec)
INFO:tensorflow:loss = 2.3694437, step = 35111 (589.616 sec)
INFO:tensorflow:loss = 2.8565223, step = 35211 (591.714 sec)
INFO:tensorflow:loss = 2.4218802, step = 35311 (592.022 sec)
INFO:tensorflow:loss = 2.9722147, step = 35411 (592.547 sec)
INFO:tensorflow:loss = 2.6384134, step = 35511 (592.773 sec)
INFO:tensorflow:loss = 2.1841881, step = 35611 (590.967 sec)
INFO:tensorflow:loss = 2.3878648, step = 35711 (591.941 sec)
INFO:tensorflow:loss = 2.4896777, step = 35811 (586.561 sec)
INFO:tensorflow:Saving dict for global step 35811: global_step = 35811, loss = 7.887661
INFO:tensorflow:loss = 2.6476228, step = 35911 (1112.474 sec)
INFO:tensorflow:loss = 2.5148447, step = 36011 (591.958 sec)
INFO:tensorflow:loss = 2.4753256, step = 36111 (593.522 sec)
INFO:tensorflow:loss = 2.3247502, step = 36211 (590.313 sec)
INFO:tensorflow:loss = 2.657329, step = 36311 (591.514 sec)
INFO:tensorflow:loss = 2.4652276, step = 36411 (591.697 sec)
INFO:tensorflow:loss = 2.4259763, step = 36511 (592.276 sec)
INFO:tensorflow:loss = 2.7505527, step = 36611 (591.695 sec)
INFO:tensorflow:loss = 2.2520757, step = 36711 (590.480 sec)
INFO:tensorflow:loss = 2.4273713, step = 36811 (592.179 sec)
INFO:tensorflow:loss = 2.4131405, step = 36911 (590.920 sec)
INFO:tensorflow:loss = 2.7581353, step = 37011 (592.575 sec)
INFO:tensorflow:loss = 2.5398276, step = 37111 (588.491 sec)
INFO:tensorflow:loss = 2.3532104, step = 37211 (587.443 sec)
INFO:tensorflow:loss = 2.6140237, step = 37311 (586.956 sec)
INFO:tensorflow:loss = 2.2363625, step = 37411 (591.000 sec)
INFO:tensorflow:loss = 2.7144353, step = 37511 (590.147 sec)
INFO:tensorflow:loss = 2.4687755, step = 37611 (589.962 sec)
INFO:tensorflow:loss = 2.7926595, step = 37711 (590.581 sec)
INFO:tensorflow:loss = 2.532975, step = 37811 (587.000 sec)
INFO:tensorflow:loss = 2.351927, step = 37911 (589.878 sec)
INFO:tensorflow:loss = 2.407244, step = 38011 (590.203 sec)
INFO:tensorflow:loss = 2.465814, step = 38111 (590.947 sec)
INFO:tensorflow:loss = 2.6462808, step = 38211 (591.320 sec)
INFO:tensorflow:loss = 2.6732402, step = 38311 (591.509 sec)
INFO:tensorflow:loss = 2.250367, step = 38411 (589.583 sec)
INFO:tensorflow:loss = 2.3325548, step = 38511 (590.643 sec)
INFO:tensorflow:loss = 2.2400813, step = 38611 (590.716 sec)
INFO:tensorflow:loss = 2.384876, step = 38711 (591.125 sec)
INFO:tensorflow:Saving dict for global step 38771: global_step = 38771, loss = 7.9887576
INFO:tensorflow:loss = 2.4306874, step = 38811 (1115.570 sec)
INFO:tensorflow:loss = 2.29488, step = 38911 (591.211 sec)
INFO:tensorflow:loss = 2.2290807, step = 39011 (593.672 sec)
INFO:tensorflow:loss = 2.764887, step = 39111 (593.175 sec)
INFO:tensorflow:loss = 2.3622322, step = 39211 (593.409 sec)
INFO:tensorflow:loss = 2.4690871, step = 39311 (593.796 sec)
INFO:tensorflow:loss = 2.5924125, step = 39411 (594.012 sec)
INFO:tensorflow:loss = 2.1442397, step = 39511 (591.154 sec)
INFO:tensorflow:loss = 2.338198, step = 39611 (593.881 sec)
INFO:tensorflow:loss = 2.5942798, step = 39711 (594.503 sec)
INFO:tensorflow:loss = 2.365691, step = 39811 (594.905 sec)
INFO:tensorflow:loss = 2.5610795, step = 39911 (594.640 sec)
INFO:tensorflow:loss = 2.5274975, step = 40011 (592.588 sec)
INFO:tensorflow:loss = 2.2166708, step = 40111 (593.877 sec)
INFO:tensorflow:loss = 2.3544812, step = 40211 (594.143 sec)
INFO:tensorflow:loss = 2.486598, step = 40311 (593.958 sec)
INFO:tensorflow:loss = 2.5443878, step = 40411 (593.015 sec)
INFO:tensorflow:loss = 2.6408465, step = 40511 (593.647 sec)
INFO:tensorflow:loss = 2.305408, step = 40611 (591.003 sec)
INFO:tensorflow:loss = 2.3716505, step = 40711 (593.171 sec)
INFO:tensorflow:loss = 2.6196394, step = 40811 (594.045 sec)
INFO:tensorflow:loss = 2.5682945, step = 40911 (594.085 sec)
INFO:tensorflow:loss = 2.3965619, step = 41011 (593.705 sec)
INFO:tensorflow:loss = 2.3209581, step = 41111 (586.583 sec)
INFO:tensorflow:loss = 2.5117645, step = 41211 (593.811 sec)
INFO:tensorflow:loss = 2.5679913, step = 41311 (595.415 sec)
INFO:tensorflow:loss = 2.389475, step = 41411 (594.597 sec)
INFO:tensorflow:loss = 2.1856794, step = 41511 (593.142 sec)
INFO:tensorflow:loss = 2.2824998, step = 41611 (593.509 sec)
INFO:tensorflow:loss = 2.459027, step = 41711 (591.461 sec)
INFO:tensorflow:Saving dict for global step 41718: global_step = 41718, loss = 8.091848
INFO:tensorflow:loss = 2.3761725, step = 41811 (1119.999 sec)
INFO:tensorflow:loss = 2.3795223, step = 41911 (593.228 sec)
INFO:tensorflow:loss = 2.3150873, step = 42011 (593.766 sec)
INFO:tensorflow:loss = 2.3482182, step = 42111 (594.055 sec)
INFO:tensorflow:loss = 2.2367613, step = 42211 (591.522 sec)
INFO:tensorflow:loss = 2.4052105, step = 42311 (593.639 sec)
INFO:tensorflow:loss = 2.583008, step = 42411 (594.189 sec)
INFO:tensorflow:loss = 2.332966, step = 42511 (593.430 sec)
INFO:tensorflow:loss = 2.5740733, step = 42611 (594.386 sec)
INFO:tensorflow:loss = 2.4318085, step = 42711 (594.411 sec)
INFO:tensorflow:loss = 2.2034254, step = 42811 (592.026 sec)
INFO:tensorflow:loss = 2.4355156, step = 42911 (594.183 sec)
INFO:tensorflow:loss = 2.2978802, step = 43011 (594.005 sec)
INFO:tensorflow:loss = 2.1630015, step = 43111 (594.872 sec)
INFO:tensorflow:loss = 2.56267, step = 43211 (594.343 sec)
INFO:tensorflow:loss = 2.2000299, step = 43311 (593.107 sec)
INFO:tensorflow:loss = 2.3473368, step = 43411 (595.665 sec)
INFO:tensorflow:loss = 2.3164804, step = 43511 (595.243 sec)
INFO:tensorflow:loss = 2.3806326, step = 43611 (594.154 sec)
INFO:tensorflow:loss = 2.37123, step = 43711 (594.437 sec)
INFO:tensorflow:loss = 2.4400175, step = 43811 (594.727 sec)
INFO:tensorflow:loss = 2.3880527, step = 43911 (592.843 sec)
INFO:tensorflow:loss = 2.3724995, step = 44011 (595.340 sec)
INFO:tensorflow:loss = 2.3019419, step = 44111 (595.699 sec)
INFO:tensorflow:loss = 2.3951972, step = 44211 (596.024 sec)
INFO:tensorflow:loss = 2.6229448, step = 44311 (593.909 sec)
INFO:tensorflow:loss = 2.5745938, step = 44411 (593.874 sec)
INFO:tensorflow:loss = 2.369431, step = 44511 (592.071 sec)
INFO:tensorflow:loss = 2.3206298, step = 44611 (595.000 sec)
INFO:tensorflow:Saving dict for global step 44660: global_step = 44660, loss = 8.1905775
INFO:tensorflow:loss = 2.5535972, step = 44711 (1122.545 sec)
INFO:tensorflow:loss = 2.2929442, step = 44811 (595.635 sec)
